#
# There is insufficient memory for the Java Runtime Environment to continue.
# Native memory allocation (malloc) failed to allocate 32744 bytes for Chunk::new
# Possible reasons:
#   The system is out of physical RAM or swap space
#   The process is running with CompressedOops enabled, and the Java Heap may be blocking the growth of the native heap
# Possible solutions:
#   Reduce memory load on the system
#   Increase physical memory or swap space
#   Check if swap backing store is full
#   Decrease Java heap size (-Xmx/-Xms)
#   Decrease number of Java threads
#   Decrease Java thread stack sizes (-Xss)
#   Set larger code cache with -XX:ReservedCodeCacheSize=
#   JVM is running with Unscaled Compressed Oops mode in which the Java heap is
#     placed in the first 4GB address space. The Java Heap base address is the
#     maximum limit for the native heap growth. Please use -XX:HeapBaseMinAddress
#     to set the Java Heap base and to place the Java Heap above 4GB virtual address.
# This output file may be truncated or incomplete.
#
#  Out of Memory Error (arena.cpp:168), pid=4468, tid=500
#
# JRE version: Java(TM) SE Runtime Environment (21.0.3+7) (build 21.0.3+7-LTS-152)
# Java VM: Java HotSpot(TM) 64-Bit Server VM (21.0.3+7-LTS-152, mixed mode, sharing, tiered, compressed oops, compressed class ptrs, g1 gc, windows-amd64)
# No core dump will be written. Minidumps are not enabled by default on client versions of Windows
#

---------------  S U M M A R Y ------------

Command Line: -javaagent:C:\Program Files\JetBrains\IntelliJ IDEA Community Edition 2024.1\lib\idea_rt.jar=62917:C:\Program Files\JetBrains\IntelliJ IDEA Community Edition 2024.1\bin -Dfile.encoding=UTF-8 -Dsun.stdout.encoding=UTF-8 -Dsun.stderr.encoding=UTF-8 org.esfe.EcommerceApplication

Host: Intel(R) Celeron(R) N4120 CPU @ 1.10GHz, 4 cores, 3G,  Windows 10 , 64 bit Build 19041 (10.0.19041.3636)
Time: Mon Sep  2 03:14:13 2024 Hora estándar, América Central elapsed time: 79.262824 seconds (0d 0h 1m 19s)

---------------  T H R E A D  ---------------

Current thread (0x000002abe6c3c500):  JavaThread "C2 CompilerThread0" daemon [_thread_in_native, id=500, stack(0x000000fc23d00000,0x000000fc23e00000) (1024K)]


Current CompileTask:
C2:  79263 7985       4       org.springframework.boot.devtools.filewatch.FileSnapshot::hashCode (49 bytes)

Stack: [0x000000fc23d00000,0x000000fc23e00000]
Native frames: (J=compiled Java code, j=interpreted, Vv=VM code, C=native code)
V  [jvm.dll+0x6c63b9]
V  [jvm.dll+0x84fa11]
V  [jvm.dll+0x851f3e]
V  [jvm.dll+0x852613]
V  [jvm.dll+0x27cd46]
V  [jvm.dll+0xc4aad]
V  [jvm.dll+0xc4fe3]
V  [jvm.dll+0x6cbb43]
V  [jvm.dll+0x6cd16e]
V  [jvm.dll+0x6cb911]
V  [jvm.dll+0x245f0d]
V  [jvm.dll+0x24511f]
V  [jvm.dll+0x1c689e]
V  [jvm.dll+0x254609]
V  [jvm.dll+0x252b9a]
V  [jvm.dll+0x3eb056]
V  [jvm.dll+0x7f9ffb]
V  [jvm.dll+0x6c4a9d]
C  [ucrtbase.dll+0x21bb2]
C  [KERNEL32.DLL+0x17344]
C  [ntdll.dll+0x526b1]


---------------  P R O C E S S  ---------------

Threads class SMR info:
_java_thread_list=0x000002abefd07d40, length=31, elements={
0x000002abe6c2f8c0, 0x000002abe6c30520, 0x000002abe6c33ed0, 0x000002abe6c34bb0,
0x000002abe6c35610, 0x000002abe6c3afd0, 0x000002abe6c3c500, 0x000002abe6c46f70,
0x000002abeb15e6f0, 0x000002abeb3239a0, 0x000002abeb324010, 0x000002abee6cc710,
0x000002abebc9c330, 0x000002abebc9b610, 0x000002abebc9bca0, 0x000002abebc9a8f0,
0x000002abebc9d050, 0x000002abed2533e0, 0x000002abed252030, 0x000002abed24ff60,
0x000002abed2505f0, 0x000002abed251310, 0x000002abed2526c0, 0x000002abed250c80,
0x000002abed252d50, 0x000002abed2519a0, 0x000002abefddfa30, 0x000002abefdded10,
0x000002abefddf3a0, 0x000002abefde00c0, 0x000002abefde1b00
}

Java Threads: ( => current thread )
  0x000002abe6c2f8c0 JavaThread "Reference Handler"          daemon [_thread_blocked, id=14356, stack(0x000000fc23700000,0x000000fc23800000) (1024K)]
  0x000002abe6c30520 JavaThread "Finalizer"                  daemon [_thread_blocked, id=11616, stack(0x000000fc23800000,0x000000fc23900000) (1024K)]
  0x000002abe6c33ed0 JavaThread "Signal Dispatcher"          daemon [_thread_blocked, id=15196, stack(0x000000fc23900000,0x000000fc23a00000) (1024K)]
  0x000002abe6c34bb0 JavaThread "Attach Listener"            daemon [_thread_blocked, id=3540, stack(0x000000fc23a00000,0x000000fc23b00000) (1024K)]
  0x000002abe6c35610 JavaThread "Service Thread"             daemon [_thread_blocked, id=9400, stack(0x000000fc23b00000,0x000000fc23c00000) (1024K)]
  0x000002abe6c3afd0 JavaThread "Monitor Deflation Thread"   daemon [_thread_blocked, id=15972, stack(0x000000fc23c00000,0x000000fc23d00000) (1024K)]
=>0x000002abe6c3c500 JavaThread "C2 CompilerThread0"         daemon [_thread_in_native, id=500, stack(0x000000fc23d00000,0x000000fc23e00000) (1024K)]
  0x000002abe6c46f70 JavaThread "C1 CompilerThread0"         daemon [_thread_blocked, id=9728, stack(0x000000fc23e00000,0x000000fc23f00000) (1024K)]
  0x000002abeb15e6f0 JavaThread "Common-Cleaner"             daemon [_thread_blocked, id=13652, stack(0x000000fc23f00000,0x000000fc24000000) (1024K)]
  0x000002abeb3239a0 JavaThread "Monitor Ctrl-Break"         daemon [_thread_in_native, id=1548, stack(0x000000fc24000000,0x000000fc24100000) (1024K)]
  0x000002abeb324010 JavaThread "Notification Thread"        daemon [_thread_blocked, id=15336, stack(0x000000fc24100000,0x000000fc24200000) (1024K)]
  0x000002abee6cc710 JavaThread "mysql-cj-abandoned-connection-cleanup" daemon [_thread_blocked, id=6548, stack(0x000000fc24700000,0x000000fc24800000) (1024K)]
  0x000002abebc9c330 JavaThread "HikariPool-1 housekeeper"   daemon [_thread_blocked, id=14912, stack(0x000000fc24900000,0x000000fc24a00000) (1024K)]
  0x000002abebc9b610 JavaThread "Catalina-utility-1"                [_thread_blocked, id=6940, stack(0x000000fc24a00000,0x000000fc24b00000) (1024K)]
  0x000002abebc9bca0 JavaThread "Catalina-utility-2"                [_thread_blocked, id=12848, stack(0x000000fc24b00000,0x000000fc24c00000) (1024K)]
  0x000002abebc9a8f0 JavaThread "container-0"                       [_thread_blocked, id=15928, stack(0x000000fc24c00000,0x000000fc24d00000) (1024K)]
  0x000002abebc9d050 JavaThread "File Watcher"               daemon [_thread_blocked, id=16296, stack(0x000000fc24d00000,0x000000fc24e00000) (1024K)]
  0x000002abed2533e0 JavaThread "Live Reload Server"         daemon [_thread_in_native, id=16720, stack(0x000000fc24f00000,0x000000fc25000000) (1024K)]
  0x000002abed252030 JavaThread "http-nio-8080-exec-1"       daemon [_thread_blocked, id=5712, stack(0x000000fc24e00000,0x000000fc24f00000) (1024K)]
  0x000002abed24ff60 JavaThread "http-nio-8080-exec-2"       daemon [_thread_blocked, id=13572, stack(0x000000fc25100000,0x000000fc25200000) (1024K)]
  0x000002abed2505f0 JavaThread "http-nio-8080-exec-3"       daemon [_thread_blocked, id=3532, stack(0x000000fc25200000,0x000000fc25300000) (1024K)]
  0x000002abed251310 JavaThread "http-nio-8080-exec-4"       daemon [_thread_blocked, id=15332, stack(0x000000fc25300000,0x000000fc25400000) (1024K)]
  0x000002abed2526c0 JavaThread "http-nio-8080-exec-5"       daemon [_thread_blocked, id=15260, stack(0x000000fc25400000,0x000000fc25500000) (1024K)]
  0x000002abed250c80 JavaThread "http-nio-8080-exec-6"       daemon [_thread_blocked, id=9584, stack(0x000000fc25500000,0x000000fc25600000) (1024K)]
  0x000002abed252d50 JavaThread "http-nio-8080-exec-7"       daemon [_thread_blocked, id=4728, stack(0x000000fc25600000,0x000000fc25700000) (1024K)]
  0x000002abed2519a0 JavaThread "http-nio-8080-exec-8"       daemon [_thread_blocked, id=11824, stack(0x000000fc25700000,0x000000fc25800000) (1024K)]
  0x000002abefddfa30 JavaThread "http-nio-8080-exec-9"       daemon [_thread_blocked, id=15400, stack(0x000000fc25800000,0x000000fc25900000) (1024K)]
  0x000002abefdded10 JavaThread "http-nio-8080-exec-10"      daemon [_thread_blocked, id=7680, stack(0x000000fc25900000,0x000000fc25a00000) (1024K)]
  0x000002abefddf3a0 JavaThread "http-nio-8080-Poller"       daemon [_thread_in_native, id=3208, stack(0x000000fc25a00000,0x000000fc25b00000) (1024K)]
  0x000002abefde00c0 JavaThread "http-nio-8080-Acceptor"     daemon [_thread_in_native, id=13276, stack(0x000000fc25b00000,0x000000fc25c00000) (1024K)]
  0x000002abefde1b00 JavaThread "DestroyJavaVM"                     [_thread_blocked, id=9984, stack(0x000000fc22f00000,0x000000fc23000000) (1024K)]
Total: 31

Other Threads:
  0x000002abe6c12820 VMThread "VM Thread"                           [id=7512, stack(0x000000fc23600000,0x000000fc23700000) (1024K)]
  0x000002abe6c0c0d0 WatcherThread "VM Periodic Task Thread"        [id=8984, stack(0x000000fc23500000,0x000000fc23600000) (1024K)]
  0x000002abcc063e80 WorkerThread "GC Thread#0"                     [id=5944, stack(0x000000fc23000000,0x000000fc23100000) (1024K)]
  0x000002abeb916740 WorkerThread "GC Thread#1"                     [id=7816, stack(0x000000fc24200000,0x000000fc24300000) (1024K)]
  0x000002abeb97fed0 WorkerThread "GC Thread#2"                     [id=6268, stack(0x000000fc24300000,0x000000fc24400000) (1024K)]
  0x000002abeb9d9170 WorkerThread "GC Thread#3"                     [id=952, stack(0x000000fc24400000,0x000000fc24500000) (1024K)]
  0x000002abcc06c8e0 ConcurrentGCThread "G1 Main Marker"            [id=15620, stack(0x000000fc23100000,0x000000fc23200000) (1024K)]
  0x000002abcc06d3e0 WorkerThread "G1 Conc#0"                       [id=2156, stack(0x000000fc23200000,0x000000fc23300000) (1024K)]
  0x000002abcc0bdac0 ConcurrentGCThread "G1 Refine#0"               [id=6596, stack(0x000000fc23300000,0x000000fc23400000) (1024K)]
  0x000002abcc0be630 ConcurrentGCThread "G1 Service"                [id=8268, stack(0x000000fc23400000,0x000000fc23500000) (1024K)]
Total: 10

Threads with active compile tasks:
C2 CompilerThread0    79409 7985       4       org.springframework.boot.devtools.filewatch.FileSnapshot::hashCode (49 bytes)
Total: 1

VM state: not at safepoint (normal execution)

VM Mutex/Monitor currently owned by a thread: None

Heap address: 0x00000000c2c00000, size: 980 MB, Compressed Oops mode: 32-bit

CDS archive(s) mapped at: [0x000002ab80000000-0x000002ab80c90000-0x000002ab80c90000), size 13172736, SharedBaseAddress: 0x000002ab80000000, ArchiveRelocationMode: 1.
Compressed class space mapped at: 0x000002ab81000000-0x000002abc1000000, reserved size: 1073741824
Narrow klass base: 0x000002ab80000000, Narrow klass shift: 0, Narrow klass range: 0x100000000

GC Precious Log:
 CardTable entry size: 512
 Card Set container configuration: InlinePtr #cards 5 size 8 Array Of Cards #cards 12 size 40 Howl #buckets 4 coarsen threshold 1843 Howl Bitmap #cards 512 size 80 coarsen threshold 460 Card regions per heap region 1 cards per card region 2048
 CPUs: 4 total, 4 available
 Memory: 3916M
 Large Page Support: Disabled
 NUMA Support: Disabled
 Compressed Oops: Enabled (32-bit)
 Heap Region Size: 1M
 Heap Min Capacity: 8M
 Heap Initial Capacity: 62M
 Heap Max Capacity: 980M
 Pre-touch: Disabled
 Parallel Workers: 4
 Concurrent Workers: 1
 Concurrent Refinement Workers: 4
 Periodic GC: Disabled

Heap:
 garbage-first heap   total 71680K, used 48165K [0x00000000c2c00000, 0x0000000100000000)
  region size 1024K, 10 young (10240K), 2 survivors (2048K)
 Metaspace       used 75067K, committed 75840K, reserved 1179648K
  class space    used 9964K, committed 10304K, reserved 1048576K

Heap Regions: E=young(eden), S=young(survivor), O=old, HS=humongous(starts), HC=humongous(continues), CS=collection set, F=free, TAMS=top-at-mark-start, PB=parsable bottom
|   0|0x00000000c2c00000, 0x00000000c2d00000, 0x00000000c2d00000|100%|HS|  |TAMS 0x00000000c2c00000| PB 0x00000000c2c00000| Complete 
|   1|0x00000000c2d00000, 0x00000000c2e00000, 0x00000000c2e00000|100%|HS|  |TAMS 0x00000000c2d00000| PB 0x00000000c2d00000| Complete 
|   2|0x00000000c2e00000, 0x00000000c2f00000, 0x00000000c2f00000|100%| O|  |TAMS 0x00000000c2e00000| PB 0x00000000c2e00000| Untracked 
|   3|0x00000000c2f00000, 0x00000000c3000000, 0x00000000c3000000|100%| O|  |TAMS 0x00000000c2f00000| PB 0x00000000c2f00000| Untracked 
|   4|0x00000000c3000000, 0x00000000c3100000, 0x00000000c3100000|100%| O|  |TAMS 0x00000000c3000000| PB 0x00000000c3000000| Untracked 
|   5|0x00000000c3100000, 0x00000000c3200000, 0x00000000c3200000|100%| O|  |TAMS 0x00000000c3100000| PB 0x00000000c3100000| Untracked 
|   6|0x00000000c3200000, 0x00000000c3300000, 0x00000000c3300000|100%| O|  |TAMS 0x00000000c3200000| PB 0x00000000c3200000| Untracked 
|   7|0x00000000c3300000, 0x00000000c3400000, 0x00000000c3400000|100%| O|  |TAMS 0x00000000c3300000| PB 0x00000000c3300000| Untracked 
|   8|0x00000000c3400000, 0x00000000c3500000, 0x00000000c3500000|100%| O|  |TAMS 0x00000000c3400000| PB 0x00000000c3400000| Untracked 
|   9|0x00000000c3500000, 0x00000000c3600000, 0x00000000c3600000|100%| O|  |TAMS 0x00000000c3500000| PB 0x00000000c3500000| Untracked 
|  10|0x00000000c3600000, 0x00000000c3700000, 0x00000000c3700000|100%| O|  |TAMS 0x00000000c3600000| PB 0x00000000c3600000| Untracked 
|  11|0x00000000c3700000, 0x00000000c3800000, 0x00000000c3800000|100%| O|  |TAMS 0x00000000c3700000| PB 0x00000000c3700000| Untracked 
|  12|0x00000000c3800000, 0x00000000c3900000, 0x00000000c3900000|100%| O|  |TAMS 0x00000000c3800000| PB 0x00000000c3800000| Untracked 
|  13|0x00000000c3900000, 0x00000000c3a00000, 0x00000000c3a00000|100%| O|  |TAMS 0x00000000c3900000| PB 0x00000000c3900000| Untracked 
|  14|0x00000000c3a00000, 0x00000000c3b00000, 0x00000000c3b00000|100%| O|  |TAMS 0x00000000c3a00000| PB 0x00000000c3a00000| Untracked 
|  15|0x00000000c3b00000, 0x00000000c3c00000, 0x00000000c3c00000|100%| O|  |TAMS 0x00000000c3b00000| PB 0x00000000c3b00000| Untracked 
|  16|0x00000000c3c00000, 0x00000000c3d00000, 0x00000000c3d00000|100%| O|  |TAMS 0x00000000c3c00000| PB 0x00000000c3c00000| Untracked 
|  17|0x00000000c3d00000, 0x00000000c3e00000, 0x00000000c3e00000|100%| O|  |TAMS 0x00000000c3d00000| PB 0x00000000c3d00000| Untracked 
|  18|0x00000000c3e00000, 0x00000000c3f00000, 0x00000000c3f00000|100%| O|  |TAMS 0x00000000c3e00000| PB 0x00000000c3e00000| Untracked 
|  19|0x00000000c3f00000, 0x00000000c4000000, 0x00000000c4000000|100%| O|  |TAMS 0x00000000c3f00000| PB 0x00000000c3f00000| Untracked 
|  20|0x00000000c4000000, 0x00000000c4100000, 0x00000000c4100000|100%| O|  |TAMS 0x00000000c4000000| PB 0x00000000c4000000| Untracked 
|  21|0x00000000c4100000, 0x00000000c4200000, 0x00000000c4200000|100%| O|  |TAMS 0x00000000c4100000| PB 0x00000000c4100000| Untracked 
|  22|0x00000000c4200000, 0x00000000c4300000, 0x00000000c4300000|100%| O|  |TAMS 0x00000000c4200000| PB 0x00000000c4200000| Untracked 
|  23|0x00000000c4300000, 0x00000000c4400000, 0x00000000c4400000|100%| O|  |TAMS 0x00000000c4300000| PB 0x00000000c4300000| Untracked 
|  24|0x00000000c4400000, 0x00000000c4500000, 0x00000000c4500000|100%| O|  |TAMS 0x00000000c4400000| PB 0x00000000c4400000| Untracked 
|  25|0x00000000c4500000, 0x00000000c4600000, 0x00000000c4600000|100%| O|  |TAMS 0x00000000c4500000| PB 0x00000000c4500000| Untracked 
|  26|0x00000000c4600000, 0x00000000c4700000, 0x00000000c4700000|100%| O|  |TAMS 0x00000000c4600000| PB 0x00000000c4600000| Untracked 
|  27|0x00000000c4700000, 0x00000000c4800000, 0x00000000c4800000|100%| O|  |TAMS 0x00000000c4700000| PB 0x00000000c4700000| Untracked 
|  28|0x00000000c4800000, 0x00000000c4900000, 0x00000000c4900000|100%| O|  |TAMS 0x00000000c4800000| PB 0x00000000c4800000| Untracked 
|  29|0x00000000c4900000, 0x00000000c4a00000, 0x00000000c4a00000|100%| O|  |TAMS 0x00000000c4900000| PB 0x00000000c4900000| Untracked 
|  30|0x00000000c4a00000, 0x00000000c4b00000, 0x00000000c4b00000|100%| O|  |TAMS 0x00000000c4a00000| PB 0x00000000c4a00000| Untracked 
|  31|0x00000000c4b00000, 0x00000000c4c00000, 0x00000000c4c00000|100%| O|  |TAMS 0x00000000c4b00000| PB 0x00000000c4b00000| Untracked 
|  32|0x00000000c4c00000, 0x00000000c4d00000, 0x00000000c4d00000|100%| O|  |TAMS 0x00000000c4c00000| PB 0x00000000c4c00000| Untracked 
|  33|0x00000000c4d00000, 0x00000000c4e00000, 0x00000000c4e00000|100%| O|  |TAMS 0x00000000c4d00000| PB 0x00000000c4d00000| Untracked 
|  34|0x00000000c4e00000, 0x00000000c4f00000, 0x00000000c4f00000|100%| O|  |TAMS 0x00000000c4e00000| PB 0x00000000c4e00000| Untracked 
|  35|0x00000000c4f00000, 0x00000000c5000000, 0x00000000c5000000|100%| O|  |TAMS 0x00000000c4f00000| PB 0x00000000c4f00000| Untracked 
|  36|0x00000000c5000000, 0x00000000c5100000, 0x00000000c5100000|100%| O|Cm|TAMS 0x00000000c5000000| PB 0x00000000c5000000| Complete 
|  37|0x00000000c5100000, 0x00000000c5200000, 0x00000000c5200000|100%| O|  |TAMS 0x00000000c5100000| PB 0x00000000c5100000| Untracked 
|  38|0x00000000c5200000, 0x00000000c521e8f8, 0x00000000c5300000| 11%| O|  |TAMS 0x00000000c5200000| PB 0x00000000c5200000| Untracked 
|  39|0x00000000c5300000, 0x00000000c5300000, 0x00000000c5400000|  0%| F|  |TAMS 0x00000000c5300000| PB 0x00000000c5300000| Untracked 
|  40|0x00000000c5400000, 0x00000000c5400000, 0x00000000c5500000|  0%| F|  |TAMS 0x00000000c5400000| PB 0x00000000c5400000| Untracked 
|  41|0x00000000c5500000, 0x00000000c5500000, 0x00000000c5600000|  0%| F|  |TAMS 0x00000000c5500000| PB 0x00000000c5500000| Untracked 
|  42|0x00000000c5600000, 0x00000000c56eaca8, 0x00000000c5700000| 91%| S|CS|TAMS 0x00000000c5600000| PB 0x00000000c5600000| Complete 
|  43|0x00000000c5700000, 0x00000000c5700000, 0x00000000c5800000|  0%| F|  |TAMS 0x00000000c5700000| PB 0x00000000c5700000| Untracked 
|  44|0x00000000c5800000, 0x00000000c5800000, 0x00000000c5900000|  0%| F|  |TAMS 0x00000000c5800000| PB 0x00000000c5800000| Untracked 
|  45|0x00000000c5900000, 0x00000000c5a00000, 0x00000000c5a00000|100%| S|CS|TAMS 0x00000000c5900000| PB 0x00000000c5900000| Complete 
|  46|0x00000000c5a00000, 0x00000000c5a00000, 0x00000000c5b00000|  0%| F|  |TAMS 0x00000000c5a00000| PB 0x00000000c5a00000| Untracked 
|  47|0x00000000c5b00000, 0x00000000c5b00000, 0x00000000c5c00000|  0%| F|  |TAMS 0x00000000c5b00000| PB 0x00000000c5b00000| Untracked 
|  48|0x00000000c5c00000, 0x00000000c5c00000, 0x00000000c5d00000|  0%| F|  |TAMS 0x00000000c5c00000| PB 0x00000000c5c00000| Untracked 
|  49|0x00000000c5d00000, 0x00000000c5d00000, 0x00000000c5e00000|  0%| F|  |TAMS 0x00000000c5d00000| PB 0x00000000c5d00000| Untracked 
|  50|0x00000000c5e00000, 0x00000000c5e00000, 0x00000000c5f00000|  0%| F|  |TAMS 0x00000000c5e00000| PB 0x00000000c5e00000| Untracked 
|  51|0x00000000c5f00000, 0x00000000c5f00000, 0x00000000c6000000|  0%| F|  |TAMS 0x00000000c5f00000| PB 0x00000000c5f00000| Untracked 
|  52|0x00000000c6000000, 0x00000000c6000000, 0x00000000c6100000|  0%| F|  |TAMS 0x00000000c6000000| PB 0x00000000c6000000| Untracked 
|  53|0x00000000c6100000, 0x00000000c6100000, 0x00000000c6200000|  0%| F|  |TAMS 0x00000000c6100000| PB 0x00000000c6100000| Untracked 
|  54|0x00000000c6200000, 0x00000000c6200000, 0x00000000c6300000|  0%| F|  |TAMS 0x00000000c6200000| PB 0x00000000c6200000| Untracked 
|  55|0x00000000c6300000, 0x00000000c6300000, 0x00000000c6400000|  0%| F|  |TAMS 0x00000000c6300000| PB 0x00000000c6300000| Untracked 
|  56|0x00000000c6400000, 0x00000000c6400000, 0x00000000c6500000|  0%| F|  |TAMS 0x00000000c6400000| PB 0x00000000c6400000| Untracked 
|  57|0x00000000c6500000, 0x00000000c6500000, 0x00000000c6600000|  0%| F|  |TAMS 0x00000000c6500000| PB 0x00000000c6500000| Untracked 
|  58|0x00000000c6600000, 0x00000000c6600000, 0x00000000c6700000|  0%| F|  |TAMS 0x00000000c6600000| PB 0x00000000c6600000| Untracked 
|  59|0x00000000c6700000, 0x00000000c6700000, 0x00000000c6800000|  0%| F|  |TAMS 0x00000000c6700000| PB 0x00000000c6700000| Untracked 
|  60|0x00000000c6800000, 0x00000000c6800000, 0x00000000c6900000|  0%| F|  |TAMS 0x00000000c6800000| PB 0x00000000c6800000| Untracked 
|  61|0x00000000c6900000, 0x00000000c6a00000, 0x00000000c6a00000|100%| E|CS|TAMS 0x00000000c6900000| PB 0x00000000c6900000| Complete 
|  62|0x00000000c6a00000, 0x00000000c6a00000, 0x00000000c6b00000|  0%| F|  |TAMS 0x00000000c6a00000| PB 0x00000000c6a00000| Untracked 
|  63|0x00000000c6b00000, 0x00000000c6be75e0, 0x00000000c6c00000| 90%| E|  |TAMS 0x00000000c6b00000| PB 0x00000000c6b00000| Complete 
|  64|0x00000000c6c00000, 0x00000000c6d00000, 0x00000000c6d00000|100%| E|CS|TAMS 0x00000000c6c00000| PB 0x00000000c6c00000| Complete 
|  65|0x00000000c6d00000, 0x00000000c6e00000, 0x00000000c6e00000|100%| E|CS|TAMS 0x00000000c6d00000| PB 0x00000000c6d00000| Complete 
|  66|0x00000000c6e00000, 0x00000000c6f00000, 0x00000000c6f00000|100%| E|CS|TAMS 0x00000000c6e00000| PB 0x00000000c6e00000| Complete 
|  67|0x00000000c6f00000, 0x00000000c7000000, 0x00000000c7000000|100%| E|CS|TAMS 0x00000000c6f00000| PB 0x00000000c6f00000| Complete 
|  68|0x00000000c7000000, 0x00000000c7100000, 0x00000000c7100000|100%| E|CS|TAMS 0x00000000c7000000| PB 0x00000000c7000000| Complete 
|  69|0x00000000c7100000, 0x00000000c7200000, 0x00000000c7200000|100%| E|CS|TAMS 0x00000000c7100000| PB 0x00000000c7100000| Complete 

Card table byte_map: [0x000002abe3680000,0x000002abe3870000] _byte_map_base: 0x000002abe306a000

Marking Bits: (CMBitMap*) 0x000002abcc064580
 Bits: [0x000002abe3870000, 0x000002abe47c0000)

Polling page: 0x000002abc9fa0000

Metaspace:

Usage:
  Non-class:     63.58 MB used.
      Class:      9.73 MB used.
       Both:     73.31 MB used.

Virtual space:
  Non-class space:      128.00 MB reserved,      64.00 MB ( 50%) committed,  2 nodes.
      Class space:        1.00 GB reserved,      10.06 MB ( <1%) committed,  1 nodes.
             Both:        1.12 GB reserved,      74.06 MB (  6%) committed. 

Chunk freelists:
   Non-Class:  15.80 MB
       Class:  5.89 MB
        Both:  21.68 MB

MaxMetaspaceSize: unlimited
CompressedClassSpaceSize: 1.00 GB
Initial GC threshold: 21.00 MB
Current GC threshold: 122.62 MB
CDS: on
 - commit_granule_bytes: 65536.
 - commit_granule_words: 8192.
 - virtual_space_node_default_size: 8388608.
 - enlarge_chunks_in_place: 1.
 - use_allocation_guard: 0.


Internal statistics:

num_allocs_failed_limit: 9.
num_arena_births: 1062.
num_arena_deaths: 0.
num_vsnodes_births: 3.
num_vsnodes_deaths: 0.
num_space_committed: 1185.
num_space_uncommitted: 0.
num_chunks_returned_to_freelist: 9.
num_chunks_taken_from_freelist: 3711.
num_chunk_merges: 9.
num_chunk_splits: 2637.
num_chunks_enlarged: 2002.
num_inconsistent_stats: 0.

CodeHeap 'non-profiled nmethods': size=120000Kb used=4083Kb max_used=4130Kb free=115916Kb
 bounds [0x000002abdbf60000, 0x000002abdc370000, 0x000002abe3490000]
CodeHeap 'profiled nmethods': size=120000Kb used=13218Kb max_used=13445Kb free=106781Kb
 bounds [0x000002abd4490000, 0x000002abd51c0000, 0x000002abdb9c0000]
CodeHeap 'non-nmethods': size=5760Kb used=2148Kb max_used=2170Kb free=3611Kb
 bounds [0x000002abdb9c0000, 0x000002abdbc30000, 0x000002abdbf60000]
 total_blobs=7701 nmethods=6853 adapters=751
 compilation: enabled
              stopped_count=0, restarted_count=0
 full_count=0

Compilation events (20 events):
Event: 57.975 Thread 0x000002abe6c46f70 nmethod 7971 0x000002abd4fdc410 code [0x000002abd4fdc5e0, 0x000002abd4fdc800]
Event: 58.392 Thread 0x000002abe6c46f70 7972       3       org.springframework.boot.devtools.filewatch.FileSnapshot::equals (110 bytes)
Event: 58.393 Thread 0x000002abe6c3c500 7973       4       java.lang.Long::hashCode (8 bytes)
Event: 58.393 Thread 0x000002abe6c3c500 nmethod 7973 0x000002abdc288290 code [0x000002abdc288400, 0x000002abdc288478]
Event: 58.393 Thread 0x000002abe6c46f70 nmethod 7972 0x000002abd4493290 code [0x000002abd44934c0, 0x000002abd4493f80]
Event: 60.634 Thread 0x000002abe6c3c500 7976       4       java.lang.String$CaseInsensitiveComparator::compare (68 bytes)
Event: 60.645 Thread 0x000002abe6c3c500 nmethod 7976 0x000002abdc021010 code [0x000002abdc0211c0, 0x000002abdc0216c0]
Event: 60.645 Thread 0x000002abe6c3c500 7977       4       java.lang.String::toLowerCase (29 bytes)
Event: 60.660 Thread 0x000002abe6c3c500 nmethod 7977 0x000002abdc137210 code [0x000002abdc1373e0, 0x000002abdc137b58]
Event: 64.764 Thread 0x000002abe6c46f70 7978       3       java.io.File::listFiles (52 bytes)
Event: 64.764 Thread 0x000002abe6c46f70 nmethod 7978 0x000002abd45c3110 code [0x000002abd45c3300, 0x000002abd45c3870]
Event: 64.777 Thread 0x000002abe6c46f70 7979       3       org.springframework.boot.devtools.filewatch.DirectorySnapshot::collectFiles (99 bytes)
Event: 64.778 Thread 0x000002abe6c46f70 nmethod 7979 0x000002abd4fc4b90 code [0x000002abd4fc4e60, 0x000002abd4fc5c20]
Event: 65.874 Thread 0x000002abe6c46f70 7980   !   3       java.io.WinNTFileSystem::list (27 bytes)
Event: 65.874 Thread 0x000002abe6c46f70 nmethod 7980 0x000002abd4e34910 code [0x000002abd4e34ae0, 0x000002abd4e34d00]
Event: 68.432 Thread 0x000002abe6c46f70 7982       3       java.util.concurrent.locks.ReentrantLock$NonfairSync::tryAcquire (27 bytes)
Event: 68.432 Thread 0x000002abe6c46f70 nmethod 7982 0x000002abd4ff4190 code [0x000002abd4ff4360, 0x000002abd4ff45e8]
Event: 70.631 Thread 0x000002abe6c46f70 7984       3       java.io.File::normalizedList (86 bytes)
Event: 70.633 Thread 0x000002abe6c46f70 nmethod 7984 0x000002abd4c11090 code [0x000002abd4c112a0, 0x000002abd4c11980]
Event: 79.115 Thread 0x000002abe6c3c500 7985       4       org.springframework.boot.devtools.filewatch.FileSnapshot::hashCode (49 bytes)

GC Heap History (20 events):
Event: 34.505 GC heap before
{Heap before GC invocations=9 (full 0):
 garbage-first heap   total 63488K, used 39471K [0x00000000c2c00000, 0x0000000100000000)
  region size 1024K, 20 young (20480K), 4 survivors (4096K)
 Metaspace       used 35456K, committed 35968K, reserved 1114112K
  class space    used 4319K, committed 4544K, reserved 1048576K
}
Event: 34.519 GC heap after
{Heap after GC invocations=10 (full 0):
 garbage-first heap   total 63488K, used 26205K [0x00000000c2c00000, 0x0000000100000000)
  region size 1024K, 2 young (2048K), 2 survivors (2048K)
 Metaspace       used 35456K, committed 35968K, reserved 1114112K
  class space    used 4319K, committed 4544K, reserved 1048576K
}
Event: 37.686 GC heap before
{Heap before GC invocations=11 (full 0):
 garbage-first heap   total 63488K, used 51805K [0x00000000c2c00000, 0x0000000100000000)
  region size 1024K, 28 young (28672K), 2 survivors (2048K)
 Metaspace       used 42899K, committed 43456K, reserved 1114112K
  class space    used 5443K, committed 5696K, reserved 1048576K
}
Event: 37.692 GC heap after
{Heap after GC invocations=12 (full 0):
 garbage-first heap   total 63488K, used 27926K [0x00000000c2c00000, 0x0000000100000000)
  region size 1024K, 3 young (3072K), 3 survivors (3072K)
 Metaspace       used 42899K, committed 43456K, reserved 1114112K
  class space    used 5443K, committed 5696K, reserved 1048576K
}
Event: 41.575 GC heap before
{Heap before GC invocations=12 (full 0):
 garbage-first heap   total 63488K, used 53526K [0x00000000c2c00000, 0x0000000100000000)
  region size 1024K, 28 young (28672K), 3 survivors (3072K)
 Metaspace       used 51992K, committed 52544K, reserved 1114112K
  class space    used 6596K, committed 6848K, reserved 1048576K
}
Event: 41.605 GC heap after
{Heap after GC invocations=13 (full 0):
 garbage-first heap   total 63488K, used 30204K [0x00000000c2c00000, 0x0000000100000000)
  region size 1024K, 4 young (4096K), 4 survivors (4096K)
 Metaspace       used 51992K, committed 52544K, reserved 1114112K
  class space    used 6596K, committed 6848K, reserved 1048576K
}
Event: 43.539 GC heap before
{Heap before GC invocations=13 (full 0):
 garbage-first heap   total 63488K, used 53756K [0x00000000c2c00000, 0x0000000100000000)
  region size 1024K, 28 young (28672K), 4 survivors (4096K)
 Metaspace       used 59422K, committed 60032K, reserved 1114112K
  class space    used 7754K, committed 8000K, reserved 1048576K
}
Event: 43.557 GC heap after
{Heap after GC invocations=14 (full 0):
 garbage-first heap   total 63488K, used 32028K [0x00000000c2c00000, 0x0000000100000000)
  region size 1024K, 2 young (2048K), 2 survivors (2048K)
 Metaspace       used 59422K, committed 60032K, reserved 1114112K
  class space    used 7754K, committed 8000K, reserved 1048576K
}
Event: 43.602 GC heap before
{Heap before GC invocations=14 (full 0):
 garbage-first heap   total 63488K, used 32028K [0x00000000c2c00000, 0x0000000100000000)
  region size 1024K, 3 young (3072K), 2 survivors (2048K)
 Metaspace       used 59699K, committed 60288K, reserved 1114112K
  class space    used 7792K, committed 8064K, reserved 1048576K
}
Event: 43.605 GC heap after
{Heap after GC invocations=15 (full 0):
 garbage-first heap   total 63488K, used 31921K [0x00000000c2c00000, 0x0000000100000000)
  region size 1024K, 2 young (2048K), 2 survivors (2048K)
 Metaspace       used 59699K, committed 60288K, reserved 1114112K
  class space    used 7792K, committed 8064K, reserved 1048576K
}
Event: 45.343 GC heap before
{Heap before GC invocations=16 (full 0):
 garbage-first heap   total 63488K, used 54449K [0x00000000c2c00000, 0x0000000100000000)
  region size 1024K, 25 young (25600K), 2 survivors (2048K)
 Metaspace       used 63773K, committed 64448K, reserved 1114112K
  class space    used 8405K, committed 8704K, reserved 1048576K
}
Event: 45.349 GC heap after
{Heap after GC invocations=17 (full 0):
 garbage-first heap   total 63488K, used 32945K [0x00000000c2c00000, 0x0000000100000000)
  region size 1024K, 3 young (3072K), 3 survivors (3072K)
 Metaspace       used 63773K, committed 64448K, reserved 1114112K
  class space    used 8405K, committed 8704K, reserved 1048576K
}
Event: 47.977 GC heap before
{Heap before GC invocations=17 (full 0):
 garbage-first heap   total 63488K, used 55473K [0x00000000c2c00000, 0x0000000100000000)
  region size 1024K, 25 young (25600K), 3 survivors (3072K)
 Metaspace       used 68532K, committed 69184K, reserved 1114112K
  class space    used 9000K, committed 9280K, reserved 1048576K
}
Event: 47.993 GC heap after
{Heap after GC invocations=18 (full 0):
 garbage-first heap   total 63488K, used 35010K [0x00000000c2c00000, 0x0000000100000000)
  region size 1024K, 4 young (4096K), 4 survivors (4096K)
 Metaspace       used 68532K, committed 69184K, reserved 1114112K
  class space    used 9000K, committed 9280K, reserved 1048576K
}
Event: 51.039 GC heap before
{Heap before GC invocations=19 (full 0):
 garbage-first heap   total 63488K, used 54466K [0x00000000c2c00000, 0x0000000100000000)
  region size 1024K, 23 young (23552K), 4 survivors (4096K)
 Metaspace       used 70171K, committed 70912K, reserved 1114112K
  class space    used 9267K, committed 9600K, reserved 1048576K
}
Event: 51.062 GC heap after
{Heap after GC invocations=20 (full 0):
 garbage-first heap   total 63488K, used 37297K [0x00000000c2c00000, 0x0000000100000000)
  region size 1024K, 3 young (3072K), 3 survivors (3072K)
 Metaspace       used 70171K, committed 70912K, reserved 1114112K
  class space    used 9267K, committed 9600K, reserved 1048576K
}
Event: 53.050 GC heap before
{Heap before GC invocations=20 (full 0):
 garbage-first heap   total 63488K, used 54705K [0x00000000c2c00000, 0x0000000100000000)
  region size 1024K, 20 young (20480K), 3 survivors (3072K)
 Metaspace       used 72310K, committed 73024K, reserved 1114112K
  class space    used 9580K, committed 9920K, reserved 1048576K
}
Event: 53.060 GC heap after
{Heap after GC invocations=21 (full 0):
 garbage-first heap   total 63488K, used 39024K [0x00000000c2c00000, 0x0000000100000000)
  region size 1024K, 3 young (3072K), 3 survivors (3072K)
 Metaspace       used 72310K, committed 73024K, reserved 1114112K
  class space    used 9580K, committed 9920K, reserved 1048576K
}
Event: 55.731 GC heap before
{Heap before GC invocations=21 (full 0):
 garbage-first heap   total 63488K, used 55408K [0x00000000c2c00000, 0x0000000100000000)
  region size 1024K, 19 young (19456K), 3 survivors (3072K)
 Metaspace       used 74551K, committed 75328K, reserved 1114112K
  class space    used 9892K, committed 10240K, reserved 1048576K
}
Event: 55.741 GC heap after
{Heap after GC invocations=22 (full 0):
 garbage-first heap   total 63488K, used 40997K [0x00000000c2c00000, 0x0000000100000000)
  region size 1024K, 2 young (2048K), 2 survivors (2048K)
 Metaspace       used 74551K, committed 75328K, reserved 1114112K
  class space    used 9892K, committed 10240K, reserved 1048576K
}

Dll operation events (14 events):
Event: 0.030 Loaded shared library C:\Program Files\Java\jdk-21\bin\java.dll
Event: 0.109 Loaded shared library C:\Program Files\Java\jdk-21\bin\jsvml.dll
Event: 0.703 Loaded shared library C:\Program Files\Java\jdk-21\bin\zip.dll
Event: 0.719 Loaded shared library C:\Program Files\Java\jdk-21\bin\instrument.dll
Event: 0.741 Loaded shared library C:\Program Files\Java\jdk-21\bin\net.dll
Event: 0.758 Loaded shared library C:\Program Files\Java\jdk-21\bin\nio.dll
Event: 0.767 Loaded shared library C:\Program Files\Java\jdk-21\bin\zip.dll
Event: 1.875 Loaded shared library C:\Program Files\JetBrains\IntelliJ IDEA Community Edition 2024.1\bin\breakgen64.dll
Event: 1.928 Loaded shared library C:\Program Files\Java\jdk-21\bin\extnet.dll
Event: 2.111 Loaded shared library C:\Program Files\Java\jdk-21\bin\jimage.dll
Event: 3.070 Loaded shared library C:\Program Files\Java\jdk-21\bin\management.dll
Event: 3.079 Loaded shared library C:\Program Files\Java\jdk-21\bin\management_ext.dll
Event: 7.088 Loaded shared library C:\Program Files\Java\jdk-21\bin\sunmscapi.dll
Event: 35.787 Loaded shared library C:\Program Files\Java\jdk-21\bin\verify.dll

Deoptimization events (20 events):
Event: 56.495 Thread 0x000002abeba3b5b0 Uncommon trap: trap_request=0xffffffde fr.pc=0x000002abdc0cb378 relative=0x0000000000000318
Event: 56.495 Thread 0x000002abeba3b5b0 Uncommon trap: reason=class_check action=maybe_recompile pc=0x000002abdc0cb378 method=org.springframework.core.ResolvableType.resolveType()Lorg/springframework/core/ResolvableType; @ 44 c2
Event: 56.495 Thread 0x000002abeba3b5b0 DEOPT PACKING pc=0x000002abdc0cb378 sp=0x000000fc246fe130
Event: 56.495 Thread 0x000002abeba3b5b0 DEOPT UNPACKING pc=0x000002abdba1469c sp=0x000000fc246fe0c0 mode 2
Event: 56.495 Thread 0x000002abeba3b5b0 Uncommon trap: trap_request=0xffffffde fr.pc=0x000002abdc1dad58 relative=0x0000000000000818
Event: 56.495 Thread 0x000002abeba3b5b0 Uncommon trap: reason=class_check action=maybe_recompile pc=0x000002abdc1dad58 method=org.springframework.core.ResolvableType.resolveType()Lorg/springframework/core/ResolvableType; @ 44 c2
Event: 56.495 Thread 0x000002abeba3b5b0 DEOPT PACKING pc=0x000002abdc1dad58 sp=0x000000fc246fe280
Event: 56.495 Thread 0x000002abeba3b5b0 DEOPT UNPACKING pc=0x000002abdba1469c sp=0x000000fc246fe1a8 mode 2
Event: 56.499 Thread 0x000002abeba3b5b0 Uncommon trap: trap_request=0xffffffde fr.pc=0x000002abdc1dad58 relative=0x0000000000000818
Event: 56.499 Thread 0x000002abeba3b5b0 Uncommon trap: reason=class_check action=maybe_recompile pc=0x000002abdc1dad58 method=org.springframework.core.ResolvableType.resolveType()Lorg/springframework/core/ResolvableType; @ 44 c2
Event: 56.499 Thread 0x000002abeba3b5b0 DEOPT PACKING pc=0x000002abdc1dad58 sp=0x000000fc246fe280
Event: 56.499 Thread 0x000002abeba3b5b0 DEOPT UNPACKING pc=0x000002abdba1469c sp=0x000000fc246fe1a8 mode 2
Event: 56.500 Thread 0x000002abeba3b5b0 Uncommon trap: trap_request=0xffffffde fr.pc=0x000002abdc0cb378 relative=0x0000000000000318
Event: 56.500 Thread 0x000002abeba3b5b0 Uncommon trap: reason=class_check action=maybe_recompile pc=0x000002abdc0cb378 method=org.springframework.core.ResolvableType.resolveType()Lorg/springframework/core/ResolvableType; @ 44 c2
Event: 56.500 Thread 0x000002abeba3b5b0 DEOPT PACKING pc=0x000002abdc0cb378 sp=0x000000fc246fe1a0
Event: 56.500 Thread 0x000002abeba3b5b0 DEOPT UNPACKING pc=0x000002abdba1469c sp=0x000000fc246fe130 mode 2
Event: 56.500 Thread 0x000002abeba3b5b0 Uncommon trap: trap_request=0xffffffde fr.pc=0x000002abdc1dad58 relative=0x0000000000000818
Event: 56.500 Thread 0x000002abeba3b5b0 Uncommon trap: reason=class_check action=maybe_recompile pc=0x000002abdc1dad58 method=org.springframework.core.ResolvableType.resolveType()Lorg/springframework/core/ResolvableType; @ 44 c2
Event: 56.500 Thread 0x000002abeba3b5b0 DEOPT PACKING pc=0x000002abdc1dad58 sp=0x000000fc246fe2f0
Event: 56.500 Thread 0x000002abeba3b5b0 DEOPT UNPACKING pc=0x000002abdba1469c sp=0x000000fc246fe218 mode 2

Classes loaded (20 events):
Event: 56.360 Loading class java/nio/BufferMismatch
Event: 56.361 Loading class java/nio/BufferMismatch done
Event: 56.361 Loading class sun/nio/ch/SourceChannelImpl
Event: 56.362 Loading class java/nio/channels/Pipe$SourceChannel
Event: 56.362 Loading class java/nio/channels/Pipe$SourceChannel done
Event: 56.362 Loading class sun/nio/ch/SourceChannelImpl done
Event: 56.362 Loading class sun/nio/ch/SinkChannelImpl
Event: 56.363 Loading class java/nio/channels/Pipe$SinkChannel
Event: 56.363 Loading class java/nio/channels/Pipe$SinkChannel done
Event: 56.363 Loading class sun/nio/ch/SinkChannelImpl done
Event: 56.369 Loading class java/nio/channels/spi/AbstractSelector$1
Event: 56.369 Loading class java/nio/channels/spi/AbstractSelector$1 done
Event: 56.373 Loading class java/util/TreeMap$ValueSpliterator
Event: 56.373 Loading class java/util/TreeMap$TreeMapSpliterator
Event: 56.374 Loading class java/util/TreeMap$TreeMapSpliterator done
Event: 56.374 Loading class java/util/TreeMap$ValueSpliterator done
Event: 56.511 Loading class java/util/IdentityHashMap$KeySpliterator
Event: 56.519 Loading class java/util/IdentityHashMap$IdentityHashMapSpliterator
Event: 56.519 Loading class java/util/IdentityHashMap$IdentityHashMapSpliterator done
Event: 56.519 Loading class java/util/IdentityHashMap$KeySpliterator done

Classes unloaded (0 events):
No events

Classes redefined (0 events):
No events

Internal exceptions (20 events):
Event: 47.609 Thread 0x000002abeba3b5b0 Exception <a 'java/lang/NoSuchMethodError'{0x00000000c58defd0}: 'long java.lang.invoke.DirectMethodHandle$Holder.invokeVirtual(java.lang.Object, java.lang.Object)'> (0x00000000c58defd0) 
thrown [s\open\src\hotspot\share\interpreter\linkResolver.cpp, line 773]
Event: 47.653 Thread 0x000002abeba3b5b0 Exception <a 'java/lang/NoSuchMethodError'{0x00000000c57175b8}: 'long java.lang.invoke.Invokers$Holder.invokeExact_MT(java.lang.Object, java.lang.Object)'> (0x00000000c57175b8) 
thrown [s\open\src\hotspot\share\interpreter\linkResolver.cpp, line 773]
Event: 47.703 Thread 0x000002abeba3b5b0 Exception <a 'java/lang/NoSuchMethodError'{0x00000000c577db28}: static Lorg/springframework/security/authentication/AbstractAuthenticationToken;.<clinit>()V> (0x00000000c577db28) 
thrown [s\open\src\hotspot\share\prims\jni.cpp, line 1111]
Event: 50.633 Thread 0x000002abeba3b5b0 Exception <a 'java/lang/NoSuchMethodError'{0x00000000c5bf0628}: 'java.lang.Object java.lang.invoke.DirectMethodHandle$Holder.newInvokeSpecial(java.lang.Object, java.lang.Object, java.lang.Object, java.lang.Object, java.lang.Object, java.lang.Object, java.lang.Object, java.lang.Object)'> (0x00000000c5bf0628) 
thrown [s\open\src\hotspot\share\interpreter\linkResolver.cpp, line 773]
Event: 52.498 Thread 0x000002abeba3b5b0 Exception <a 'java/lang/IncompatibleClassChangeError'{0x00000000c5fe7a90}: Found class java.lang.Object, but interface was expected> (0x00000000c5fe7a90) 
thrown [s\open\src\hotspot\share\interpreter\linkResolver.cpp, line 840]
Event: 53.640 Thread 0x000002abeba3b5b0 Exception <a 'java/lang/NoSuchMethodError'{0x00000000c6748350}: 'void java.lang.invoke.DirectMethodHandle$Holder.invokeVirtual(java.lang.Object, java.lang.Object, long)'> (0x00000000c6748350) 
thrown [s\open\src\hotspot\share\interpreter\linkResolver.cpp, line 773]
Event: 53.683 Thread 0x000002abeba3b5b0 Exception <a 'java/lang/NoSuchMethodError'{0x00000000c6636820}: 'java.lang.Object java.lang.invoke.DirectMethodHandle$Holder.invokeSpecial(java.lang.Object, java.lang.Object, int, int, int, int)'> (0x00000000c6636820) 
thrown [s\open\src\hotspot\share\interpreter\linkResolver.cpp, line 773]
Event: 53.919 Thread 0x000002abeba3b5b0 Implicit null exception at 0x000002abdc15f7f3 to 0x000002abdc15fd98
Event: 54.216 Thread 0x000002abeba3b5b0 Exception <a 'java/lang/ClassNotFoundException'{0x00000000c62a0078}: nz/net/ultraq/thymeleaf/layoutdialect/decorators/strategies/AppendingStrategyBeanInfo> (0x00000000c62a0078) 
thrown [s\open\src\hotspot\share\classfile\systemDictionary.cpp, line 312]
Event: 54.221 Thread 0x000002abeba3b5b0 Exception <a 'java/lang/ClassNotFoundException'{0x00000000c62a58c0}: nz/net/ultraq/thymeleaf/layoutdialect/decorators/strategies/AppendingStrategyCustomizer> (0x00000000c62a58c0) 
thrown [s\open\src\hotspot\share\classfile\systemDictionary.cpp, line 312]
Event: 54.369 Thread 0x000002abeba3b5b0 Exception <a 'java/lang/ClassNotFoundException'{0x00000000c62fa650}: nz/net/ultraq/thymeleaf/layoutdialect/LayoutDialectBeanInfo> (0x00000000c62fa650) 
thrown [s\open\src\hotspot\share\classfile\systemDictionary.cpp, line 312]
Event: 54.374 Thread 0x000002abeba3b5b0 Exception <a 'java/lang/ClassNotFoundException'{0x00000000c62ff560}: org/thymeleaf/dialect/AbstractProcessorDialectBeanInfo> (0x00000000c62ff560) 
thrown [s\open\src\hotspot\share\classfile\systemDictionary.cpp, line 312]
Event: 54.376 Thread 0x000002abeba3b5b0 Exception <a 'java/lang/ClassNotFoundException'{0x00000000c61046b0}: org/thymeleaf/dialect/AbstractDialectBeanInfo> (0x00000000c61046b0) 
thrown [s\open\src\hotspot\share\classfile\systemDictionary.cpp, line 312]
Event: 54.380 Thread 0x000002abeba3b5b0 Exception <a 'java/lang/ClassNotFoundException'{0x00000000c6109450}: org/thymeleaf/dialect/AbstractDialectCustomizer> (0x00000000c6109450) 
thrown [s\open\src\hotspot\share\classfile\systemDictionary.cpp, line 312]
Event: 54.383 Thread 0x000002abeba3b5b0 Exception <a 'java/lang/ClassNotFoundException'{0x00000000c6110980}: org/thymeleaf/dialect/AbstractProcessorDialectCustomizer> (0x00000000c6110980) 
thrown [s\open\src\hotspot\share\classfile\systemDictionary.cpp, line 312]
Event: 54.398 Thread 0x000002abeba3b5b0 Exception <a 'java/lang/ClassNotFoundException'{0x00000000c61190b8}: nz/net/ultraq/thymeleaf/layoutdialect/LayoutDialectCustomizer> (0x00000000c61190b8) 
thrown [s\open\src\hotspot\share\classfile\systemDictionary.cpp, line 312]
Event: 54.420 Thread 0x000002abeba3b5b0 Exception <a 'java/lang/NoSuchMethodError'{0x00000000c612def8}: 'int java.lang.invoke.DelegatingMethodHandle$Holder.reinvoke_L(java.lang.Object)'> (0x00000000c612def8) 
thrown [s\open\src\hotspot\share\interpreter\linkResolver.cpp, line 773]
Event: 54.702 Thread 0x000002abeba3b5b0 Exception <a 'java/lang/IncompatibleClassChangeError'{0x00000000c6049b38}: Found class java.lang.Object, but interface was expected> (0x00000000c6049b38) 
thrown [s\open\src\hotspot\share\interpreter\linkResolver.cpp, line 840]
Event: 54.881 Thread 0x000002abeba3b5b0 Implicit null exception at 0x000002abdc0fac68 to 0x000002abdc0fae90
Event: 56.290 Thread 0x000002abeba3b5b0 Exception <a 'java/lang/NoSuchMethodError'{0x00000000c71846c0}: 'java.lang.Object java.lang.invoke.DirectMethodHandle$Holder.newInvokeSpecial(java.lang.Object, java.lang.Object, int, java.lang.Object, java.lang.Object)'> (0x00000000c71846c0) 
thrown [s\open\src\hotspot\share\interpreter\linkResolver.cpp, line 773]

ZGC Phase Switch (0 events):
No events

VM Operations (20 events):
Event: 55.731 Executing VM operation: G1CollectForAllocation (G1 Evacuation Pause)
Event: 55.742 Executing VM operation: G1CollectForAllocation (G1 Evacuation Pause) done
Event: 55.959 Executing VM operation: G1PauseRemark
Event: 55.974 Executing VM operation: G1PauseRemark done
Event: 56.018 Executing VM operation: G1PauseCleanup
Event: 56.018 Executing VM operation: G1PauseCleanup done
Event: 56.273 Executing VM operation: HandshakeAllThreads (Deoptimize)
Event: 56.273 Executing VM operation: HandshakeAllThreads (Deoptimize) done
Event: 57.281 Executing VM operation: Cleanup
Event: 57.281 Executing VM operation: Cleanup done
Event: 58.296 Executing VM operation: Cleanup
Event: 58.296 Executing VM operation: Cleanup done
Event: 59.305 Executing VM operation: Cleanup
Event: 59.305 Executing VM operation: Cleanup done
Event: 60.047 Executing VM operation: HandshakeAllThreads (HandshakeForDeflation)
Event: 60.047 Executing VM operation: HandshakeAllThreads (HandshakeForDeflation) done
Event: 60.047 Executing VM operation: RendezvousGCThreads
Event: 60.047 Executing VM operation: RendezvousGCThreads done
Event: 61.061 Executing VM operation: Cleanup
Event: 61.061 Executing VM operation: Cleanup done

Events (20 events):
Event: 56.238 Thread 0x000002abed2533e0 Thread added: 0x000002abed2533e0
Event: 56.244 Thread 0x000002abed2505f0 Thread exited: 0x000002abed2505f0
Event: 56.250 Thread 0x000002abeed53140 Thread added: 0x000002abeed53140
Event: 56.318 Thread 0x000002abed252030 Thread added: 0x000002abed252030
Event: 56.318 Thread 0x000002abed24ff60 Thread added: 0x000002abed24ff60
Event: 56.318 Thread 0x000002abed2505f0 Thread added: 0x000002abed2505f0
Event: 56.318 Thread 0x000002abed251310 Thread added: 0x000002abed251310
Event: 56.319 Thread 0x000002abed2526c0 Thread added: 0x000002abed2526c0
Event: 56.319 Thread 0x000002abed250c80 Thread added: 0x000002abed250c80
Event: 56.319 Thread 0x000002abed252d50 Thread added: 0x000002abed252d50
Event: 56.319 Thread 0x000002abed2519a0 Thread added: 0x000002abed2519a0
Event: 56.319 Thread 0x000002abefddfa30 Thread added: 0x000002abefddfa30
Event: 56.320 Thread 0x000002abefdded10 Thread added: 0x000002abefdded10
Event: 56.368 Thread 0x000002abefddf3a0 Thread added: 0x000002abefddf3a0
Event: 56.371 Thread 0x000002abefde00c0 Thread added: 0x000002abefde00c0
Event: 56.534 Thread 0x000002abeba3b5b0 Thread exited: 0x000002abeba3b5b0
Event: 56.537 Thread 0x000002abec1035f0 Thread exited: 0x000002abec1035f0
Event: 56.540 Thread 0x000002abcc02c1d0 Thread exited: 0x000002abcc02c1d0
Event: 56.540 Thread 0x000002abefde1b00 Thread added: 0x000002abefde1b00
Event: 56.826 Thread 0x000002abeed53140 Thread exited: 0x000002abeed53140


Dynamic libraries:
0x00007ff793620000 - 0x00007ff793630000 	C:\Program Files\Java\jdk-21\bin\java.exe
0x00007ffdc12d0000 - 0x00007ffdc14c8000 	C:\WINDOWS\SYSTEM32\ntdll.dll
0x00007ffdbf940000 - 0x00007ffdbf9fd000 	C:\WINDOWS\System32\KERNEL32.DLL
0x00007ffdbeba0000 - 0x00007ffdbee96000 	C:\WINDOWS\System32\KERNELBASE.dll
0x00007ffdbf050000 - 0x00007ffdbf150000 	C:\WINDOWS\System32\ucrtbase.dll
0x00007ffdbb460000 - 0x00007ffdbb47b000 	C:\Program Files\Java\jdk-21\bin\VCRUNTIME140.dll
0x00007ffdbb440000 - 0x00007ffdbb459000 	C:\Program Files\Java\jdk-21\bin\jli.dll
0x00007ffdc06f0000 - 0x00007ffdc079f000 	C:\WINDOWS\System32\ADVAPI32.dll
0x00007ffdbfd90000 - 0x00007ffdbfe2e000 	C:\WINDOWS\System32\msvcrt.dll
0x00007ffdbfb30000 - 0x00007ffdbfbcc000 	C:\WINDOWS\System32\sechost.dll
0x00007ffdc1160000 - 0x00007ffdc1286000 	C:\WINDOWS\System32\RPCRT4.dll
0x00007ffdc0390000 - 0x00007ffdc052e000 	C:\WINDOWS\System32\USER32.dll
0x00007ffdbe9b0000 - 0x00007ffdbe9d2000 	C:\WINDOWS\System32\win32u.dll
0x00007ffdad8a0000 - 0x00007ffdadb3a000 	C:\WINDOWS\WinSxS\amd64_microsoft.windows.common-controls_6595b64144ccf1df_6.0.19041.3636_none_60b6a03d71f818d5\COMCTL32.dll
0x00007ffdc07a0000 - 0x00007ffdc07cc000 	C:\WINDOWS\System32\GDI32.dll
0x00007ffdbf210000 - 0x00007ffdbf32a000 	C:\WINDOWS\System32\gdi32full.dll
0x00007ffdbeb00000 - 0x00007ffdbeb9d000 	C:\WINDOWS\System32\msvcp_win.dll
0x00007ffdb00d0000 - 0x00007ffdb00da000 	C:\WINDOWS\SYSTEM32\VERSION.dll
0x00007ffdbfbd0000 - 0x00007ffdbfc00000 	C:\WINDOWS\System32\IMM32.DLL
0x00007ffdbb430000 - 0x00007ffdbb43c000 	C:\Program Files\Java\jdk-21\bin\vcruntime140_1.dll
0x00007ffdbb3a0000 - 0x00007ffdbb42e000 	C:\Program Files\Java\jdk-21\bin\msvcp140.dll
0x00007ffd7bba0000 - 0x00007ffd7c8ad000 	C:\Program Files\Java\jdk-21\bin\server\jvm.dll
0x00007ffdc0270000 - 0x00007ffdc02db000 	C:\WINDOWS\System32\WS2_32.dll
0x00007ffdbe440000 - 0x00007ffdbe48b000 	C:\WINDOWS\SYSTEM32\POWRPROF.dll
0x00007ffd9b5d0000 - 0x00007ffd9b5f7000 	C:\WINDOWS\SYSTEM32\WINMM.dll
0x00007ffdbe3f0000 - 0x00007ffdbe402000 	C:\WINDOWS\SYSTEM32\UMPDC.dll
0x00007ffdbd1a0000 - 0x00007ffdbd1b2000 	C:\WINDOWS\SYSTEM32\kernel.appcore.dll
0x00007ffdba020000 - 0x00007ffdba02a000 	C:\Program Files\Java\jdk-21\bin\jimage.dll
0x00007ffdbcea0000 - 0x00007ffdbd084000 	C:\WINDOWS\SYSTEM32\DBGHELP.DLL
0x00007ffda4710000 - 0x00007ffda4744000 	C:\WINDOWS\SYSTEM32\dbgcore.DLL
0x00007ffdbf150000 - 0x00007ffdbf1d2000 	C:\WINDOWS\System32\bcryptPrimitives.dll
0x00007ffdb06a0000 - 0x00007ffdb06af000 	C:\Program Files\Java\jdk-21\bin\instrument.dll
0x00007ffdb9ed0000 - 0x00007ffdb9eef000 	C:\Program Files\Java\jdk-21\bin\java.dll
0x00007ffdc0990000 - 0x00007ffdc10d5000 	C:\WINDOWS\System32\SHELL32.dll
0x00007ffdbc630000 - 0x00007ffdbcdcb000 	C:\WINDOWS\SYSTEM32\windows.storage.dll
0x00007ffdbff10000 - 0x00007ffdc0264000 	C:\WINDOWS\System32\combase.dll
0x00007ffdbe240000 - 0x00007ffdbe26d000 	C:\WINDOWS\SYSTEM32\Wldp.dll
0x00007ffdbfc00000 - 0x00007ffdbfcad000 	C:\WINDOWS\System32\SHCORE.dll
0x00007ffdc07d0000 - 0x00007ffdc0825000 	C:\WINDOWS\System32\shlwapi.dll
0x00007ffdbe8e0000 - 0x00007ffdbe905000 	C:\WINDOWS\SYSTEM32\profapi.dll
0x00007ffd9a3e0000 - 0x00007ffd9a4b7000 	C:\Program Files\Java\jdk-21\bin\jsvml.dll
0x00007ffdb07f0000 - 0x00007ffdb0808000 	C:\Program Files\Java\jdk-21\bin\zip.dll
0x00007ffdb7120000 - 0x00007ffdb7130000 	C:\Program Files\Java\jdk-21\bin\net.dll
0x00007ffdae100000 - 0x00007ffdae20a000 	C:\WINDOWS\SYSTEM32\WINHTTP.dll
0x00007ffdbe020000 - 0x00007ffdbe08a000 	C:\WINDOWS\system32\mswsock.dll
0x00007ffdb7100000 - 0x00007ffdb7116000 	C:\Program Files\Java\jdk-21\bin\nio.dll
0x00007ffdb0520000 - 0x00007ffdb053a000 	C:\Program Files\JetBrains\IntelliJ IDEA Community Edition 2024.1\bin\breakgen64.dll
0x00007ffdb04e0000 - 0x00007ffdb04e9000 	C:\Program Files\Java\jdk-21\bin\extnet.dll
0x00007ffdb0690000 - 0x00007ffdb069a000 	C:\Program Files\Java\jdk-21\bin\management.dll
0x00007ffdb0620000 - 0x00007ffdb062b000 	C:\Program Files\Java\jdk-21\bin\management_ext.dll
0x00007ffdbfe30000 - 0x00007ffdbfe38000 	C:\WINDOWS\System32\PSAPI.DLL
0x00007ffdadbc0000 - 0x00007ffdadbce000 	C:\Program Files\Java\jdk-21\bin\sunmscapi.dll
0x00007ffdbeef0000 - 0x00007ffdbf04d000 	C:\WINDOWS\System32\CRYPT32.dll
0x00007ffdbe410000 - 0x00007ffdbe437000 	C:\WINDOWS\SYSTEM32\ncrypt.dll
0x00007ffdbe3b0000 - 0x00007ffdbe3eb000 	C:\WINDOWS\SYSTEM32\NTASN1.dll
0x00007ffdbe280000 - 0x00007ffdbe298000 	C:\WINDOWS\SYSTEM32\CRYPTSP.dll
0x00007ffdbd970000 - 0x00007ffdbd9a4000 	C:\WINDOWS\system32\rsaenh.dll
0x00007ffdbf1e0000 - 0x00007ffdbf207000 	C:\WINDOWS\System32\bcrypt.dll
0x00007ffdbe8a0000 - 0x00007ffdbe8ce000 	C:\WINDOWS\SYSTEM32\USERENV.dll
0x00007ffdbe1b0000 - 0x00007ffdbe1bc000 	C:\WINDOWS\SYSTEM32\CRYPTBASE.dll
0x00007ffdbdd30000 - 0x00007ffdbdd6b000 	C:\WINDOWS\SYSTEM32\IPHLPAPI.DLL
0x00007ffdc0980000 - 0x00007ffdc0988000 	C:\WINDOWS\System32\NSI.dll
0x00007ffd9faa0000 - 0x00007ffd9fab0000 	C:\Program Files\Java\jdk-21\bin\verify.dll
0x00007ffdbdd70000 - 0x00007ffdbde3a000 	C:\WINDOWS\SYSTEM32\DNSAPI.dll
0x00007ffdab8e0000 - 0x00007ffdab8ea000 	C:\Windows\System32\rasadhlp.dll
0x00007ffdacf80000 - 0x00007ffdad000000 	C:\WINDOWS\System32\fwpuclnt.dll
0x00007ffd89ab0000 - 0x00007ffd89ab7000 	C:\WINDOWS\system32\wshunix.dll

dbghelp: loaded successfully - version: 4.0.5 - missing functions: none
symbol engine: initialized successfully - sym options: 0x614 - pdb path: .;C:\Program Files\Java\jdk-21\bin;C:\WINDOWS\SYSTEM32;C:\WINDOWS\WinSxS\amd64_microsoft.windows.common-controls_6595b64144ccf1df_6.0.19041.3636_none_60b6a03d71f818d5;C:\Program Files\Java\jdk-21\bin\server;C:\Program Files\JetBrains\IntelliJ IDEA Community Edition 2024.1\bin

VM Arguments:
jvm_args: -javaagent:C:\Program Files\JetBrains\IntelliJ IDEA Community Edition 2024.1\lib\idea_rt.jar=62917:C:\Program Files\JetBrains\IntelliJ IDEA Community Edition 2024.1\bin -Dfile.encoding=UTF-8 -Dsun.stdout.encoding=UTF-8 -Dsun.stderr.encoding=UTF-8 
java_command: org.esfe.EcommerceApplication
java_class_path (initial): C:\Users\Usuario1\Documents\WEB\Springboot\ecommerce new\springboot-ecommerce\target\classes;C:\Users\Usuario1\.m2\repository\org\springframework\boot\spring-boot-starter-data-jpa\3.3.2\spring-boot-starter-data-jpa-3.3.2.jar;C:\Users\Usuario1\.m2\repository\org\springframework\boot\spring-boot-starter-aop\3.3.2\spring-boot-starter-aop-3.3.2.jar;C:\Users\Usuario1\.m2\repository\org\aspectj\aspectjweaver\1.9.22.1\aspectjweaver-1.9.22.1.jar;C:\Users\Usuario1\.m2\repository\org\springframework\boot\spring-boot-starter-jdbc\3.3.2\spring-boot-starter-jdbc-3.3.2.jar;C:\Users\Usuario1\.m2\repository\com\zaxxer\HikariCP\5.1.0\HikariCP-5.1.0.jar;C:\Users\Usuario1\.m2\repository\org\springframework\spring-jdbc\6.1.11\spring-jdbc-6.1.11.jar;C:\Users\Usuario1\.m2\repository\org\hibernate\orm\hibernate-core\6.5.2.Final\hibernate-core-6.5.2.Final.jar;C:\Users\Usuario1\.m2\repository\jakarta\persistence\jakarta.persistence-api\3.1.0\jakarta.persistence-api-3.1.0.jar;C:\Users\Usuario1\.m2\repository\jakarta\transaction\jakarta.transaction-api\2.0.1\jakarta.transaction-api-2.0.1.jar;C:\Users\Usuario1\.m2\repository\org\jboss\logging\jboss-logging\3.5.3.Final\jboss-logging-3.5.3.Final.jar;C:\Users\Usuario1\.m2\repository\org\hibernate\common\hibernate-commons-annotations\6.0.6.Final\hibernate-commons-annotations-6.0.6.Final.jar;C:\Users\Usuario1\.m2\repository\io\smallrye\jandex\3.1.2\jandex-3.1.2.jar;C:\Users\Usuario1\.m2\repository\com\fasterxml\classmate\1.7.0\classmate-1.7.0.jar;C:\Users\Usuario1\.m2\repository\net\bytebuddy\byte-buddy\1.14.18\byte-buddy-1.14.18.jar;C:\Users\Usuario1\.m2\repository\org\glassfish\jaxb\jaxb-runtime\4.0.5\jaxb-runtime-4.0.5.jar;C:\Users\Usuario1\.m2\repository\org\glassfish\jaxb\jaxb-core\4.0.5\jaxb-core-4.0.5.jar;C:\Users\Usuario1\.m2\repository\org\eclipse\angus\angus-activation\2.0.2\angus-activation-2.0.2.jar;C:\Users\Usuario1\.m2\repository\org\glassfish\jaxb\txw2\4.0.5\txw2-4.0.5.jar;C:\Users\Usuario1\.m2\repository\com\sun\istack\istack-commons-runtime\4.1.2\istack-commons-runtime-4.1.2.jar;C:\Users\Usuario1\.m2\repository\jakarta\inject\jakarta.inject-api\2.0.1\jakarta.inject-api-2.0.1.jar;C:\Users\Usuario1\.m2\repository\org\antlr\antlr4-runtime\4.13.0\antlr4-runtime-4.13.0.jar;C:\Users\Usuario1\.m2\repository\org\springframework\data\spring-data-jpa\3.3.2\spring-data-jpa-3.3.2.jar;C:\Users\Usuario1\.m2\repository\org\springframework\data\spring-data-commons\3.3.2\spring-data-commons-3.3.2.jar;C:\Users\Usuario1\.m2\repository\org\springframework\spring-orm\6.1.11\spring-orm-6.1.11.jar;C:\Users\Usuario1\.m2\repository\org\springframework\spring-context\6.1.11\spring-context-6.1.11.jar;C:\Users\Usuario1\.m2\repository\org\springframework\spring-tx\6.1.11\spring-tx-6.1.11.jar;C:\Users\Usuario1\.m2\repository\org\springframework\spring-beans\6.1.11\spring-beans-6.1.11.jar;C:\Users\Usuario1\.m2\repository\jakarta\annotation\jakarta.annotation-api\2.1.1\jakarta.annotation-api-2.1.1.jar;C:\Users\Usuario1\.m2\repository\org\springframework\spring-aspects\6.1.11\spring-aspects-6.1.11.jar;C:\Users\Usuario1\.m2\repository\org\springframework\boot\spring-boot-starter-thymeleaf\3.3.2\spring-boot-starter-thymeleaf-3.3.2.jar;C:\Users\Usuario1\.m2\repository\org\springframework\boot\spring-boot-starter\3.3.2\spring-boot-starter-3.3.2.jar;C:\Users\Usuario1\.m2\repository\org\springframework\boot\spring-boot-starter-logging\3.3.2\spring-boot-starter-logging-3.3.2.jar;C:\Users\Usuario1\.m2\repository\ch\qos\logback\logback-classic\1.5.6\logback-classic-1.5.6.jar;C:\Users\Usuario1\.m2\repository\ch\qos\logback\logback-core\1.5.6\logback-core-1.5.6.jar;C:\Users\Usuario1\.m2\repository\org\apache\logging\log4j\log4j-to-slf4j\2.23.1\log4j-to-slf4j-2.23.1.jar;C:\Users\Usuario1\.m2\repository\org\apache\logging\log4j\log4j-api\2.23.1\log4j-api-2.23.1.jar;C:\Users\Usuario1\.m2\repository\org\slf4j\jul-to-slf4j\2.0.13\jul-to-slf4j-2.0.13.jar;C:\Users\Usuario1\.m2\repository\org\yaml\snakeyaml\2.2\snakeyaml-2.2.jar;C:\Users\Usuario1\.m2\repository\org\thymeleaf\thymeleaf-spring6\3.1.2.RELEASE\thymeleaf-spring6-3.1.2.RELEASE.jar;C:\Users\Usuario1\.m2\repository\org\springframework\boot\spring-boot-starter-web\3.3.2\spring-boot-starter-web-3.3.2.jar;C:\Users\Usuario1\.m2\repository\org\springframework\boot\spring-boot-starter-json\3.3.2\spring-boot-starter-json-3.3.2.jar;C:\Users\Usuario1\.m2\repository\com\fasterxml\jackson\datatype\jackson-datatype-jdk8\2.17.2\jackson-datatype-jdk8-2.17.2.jar;C:\Users\Usuario1\.m2\repository\com\fasterxml\jackson\datatype\jackson-datatype-jsr310\2.17.2\jackson-datatype-jsr310-2.17.2.jar;C:\Users\Usuario1\.m2\repository\com\fasterxml\jackson\module\jackson-module-parameter-names\2.17.2\jackson-module-parameter-names-2.17.2.jar;C:\Users\Usuario1\.m2\repository\org\springframework\boot\spring-boot-starter-tomcat\3.3.2\spring-boot-starter-tomcat-3.3.2.jar;C:\Users\Usuario1\.m2\repository\org\apache\tomcat\embed\tomcat-embed-core\10.1.26\tomcat-embed-core-10.1.26.jar;C:\Users\Usuario1\.m2\repository\org\apache\tomcat\embed\tomcat-embed-el\10.1.26\tomcat-embed-el-10.1.26.jar;C:\Users\Usuario1\.m2\repository\org\apache\tomcat\embed\tomcat-embed-websocket\10.1.26\tomcat-embed-websocket-10.1.26.jar;C:\Users\Usuario1\.m2\repository\org\springframework\spring-web\6.1.11\spring-web-6.1.11.jar;C:\Users\Usuario1\.m2\repository\io\micrometer\micrometer-observation\1.13.2\micrometer-observation-1.13.2.jar;C:\Users\Usuario1\.m2\repository\io\micrometer\micrometer-commons\1.13.2\micrometer-commons-1.13.2.jar;C:\Users\Usuario1\.m2\repository\org\springframework\spring-webmvc\6.1.11\spring-webmvc-6.1.11.jar;C:\Users\Usuario1\.m2\repository\org\springframework\spring-expression\6.1.11\spring-expression-6.1.11.jar;C:\Users\Usuario1\.m2\repository\org\springframework\boot\spring-boot-devtools\3.3.2\spring-boot-devtools-3.3.2.jar;C:\Users\Usuario1\.m2\repository\org\springframework\boot\spring-boot\3.3.2\spring-boot-3.3.2.jar;C:\Users\Usuario1\.m2\repository\org\springframework\boot\spring-boot-autoconfigure\3.3.2\spring-boot-autoconfigure-3.3.2.jar;C:\Users\Usuario1\.m2\repository\com\mysql\mysql-connector-j\8.3.0\mysql-connector-j-8.3.0.jar;C:\Users\Usuario1\.m2\repository\jakarta\xml\bind\jakarta.xml.bind-api\4.0.2\jakarta.xml.bind-api-4.0.2.jar;C:\Users\Usuario1\.m2\repository\jakarta\activation\jakarta.activation-api\2.1.3\jakarta.activation-api-2.1.3.jar;C:\Users\Usuario1\.m2\repository\net\minidev\json-smart\2.5.1\json-smart-2.5.1.jar;C:\Users\Usuario1\.m2\repository\net\minidev\accessors-smart\2.5.1\accessors-smart-2.5.1.jar;C:\Users\Usuario1\.m2\repository\org\ow2\asm\asm\9.6\asm-9.6.jar;C:\Users\Usuario1\.m2\repository\org\springframework\spring-core\6.1.11\spring-core-6.1.11.jar;C:\Users\Usuario1\.m2\repository\org\springframework\spring-jcl\6.1.11\spring-jcl-6.1.11.jar;C:\Users\Usuario1\.m2\repository\nz\net\ultraq\thymeleaf\thymeleaf-layout-dialect\3.1.0\thymeleaf-layout-dialect-3.1.0.jar;C:\Users\Usuario1\.m2\repository\org\apache\groovy\groovy\4.0.22\groovy-4.0.22.jar;C:\Users\Usuario1\.m2\repository\nz\net\ultraq\groovy\groovy-extensions\2.0.0\groovy-extensions-2.0.0.jar;C:\Users\Usuario1\.m2\repository\nz\net\ultraq\thymeleaf\thymeleaf-expression-processor\3.1.0\thymeleaf-expression-processor-3.1.0.jar;C:\Users\Usuario1\.m2\repository\org\thymeleaf\thymeleaf\3.1.2.RELEASE\thymeleaf-3.1.2.RELEASE.jar;C:\Users\Usuario1\.m2\repository\ognl\ognl\3.3.4\ognl-3.3.4.jar;C:\Users\Usuario1\.m2\repository\org\javassist\javassist\3.29.0-GA\javassist-3.29.0-GA.jar;C:\Users\Usuario1\.m2\repository\org\attoparser\attoparser\2.0.7.RELEASE\attoparser-2.0.7.RELEASE.jar;C:\Users\Usuario1\.m2\repository\org\unbescape\unbescape\1.1.6.RELEASE\unbescape-1.1.6.RELEASE.jar;C:\Users\Usuario1\.m2\repository\org\springframework\boot\spring-boot-starter-oauth2-client\3.3.2\spring-boot-starter-oauth2-client-3.3.2.jar;C:\Users\Usuario1\.m2\repository\org\springframework\security\spring-security-config\6.3.1\spring-security-config-6.3.1.jar;C:\Users\Usuario1\.m2\repository\org\springframework\security\spring-security-core\6.3.1\spring-security-core-6.3.1.jar;C:\Users\Usuario1\.m2\repository\org\springframework\security\spring-security-crypto\6.3.1\spring-security-crypto-6.3.1.jar;C:\Users\Usuario1\.m2\repository\org\springframework\security\spring-security-oauth2-client\6.3.1\spring-security-oauth2-client-6.3.1.jar;C:\Users\Usuario1\.m2\repository\org\springframework\security\spring-security-oauth2-core\6.3.1\spring-security-oauth2-core-6.3.1.jar;C:\Users\Usuario1\.m2\repository\com\nimbusds\oauth2-oidc-sdk\9.43.4\oauth2-oidc-sdk-9.43.4.jar;C:\Users\Usuario1\.m2\repository\com\github\stephenc\jcip\jcip-annotations\1.0-1\jcip-annotations-1.0-1.jar;C:\Users\Usuario1\.m2\repository\com\nimbusds\content-type\2.2\content-type-2.2.jar;C:\Users\Usuario1\.m2\repository\com\nimbusds\lang-tag\1.7\lang-tag-1.7.jar;C:\Users\Usuario1\.m2\repository\org\springframework\security\spring-security-oauth2-jose\6.3.1\spring-security-oauth2-jose-6.3.1.jar;C:\Users\Usuario1\.m2\repository\com\nimbusds\nimbus-jose-jwt\9.37.3\nimbus-jose-jwt-9.37.3.jar;C:\Users\Usuario1\.m2\repository\org\springframework\boot\spring-boot-starter-security\3.3.2\spring-boot-starter-security-3.3.2.jar;C:\Users\Usuario1\.m2\repository\org\springframework\spring-aop\6.1.11\spring-aop-6.1.11.jar;C:\Users\Usuario1\.m2\repository\org\springframework\security\spring-security-web\6.3.1\spring-security-web-6.3.1.jar;C:\Users\Usuario1\.m2\repository\com\google\firebase\firebase-admin\9.3.0\firebase-admin-9.3.0.jar;C:\Users\Usuario1\.m2\repository\com\google\api-client\google-api-client\2.4.0\google-api-client-2.4.0.jar;C:\Users\Usuario1\.m2\repository\commons-codec\commons-codec\1.16.1\commons-codec-1.16.1.jar;C:\Users\Usuario1\.m2\repository\com\google\oauth-client\google-oauth-client\1.35.0\google-oauth-client-1.35.0.jar;C:\Users\Usuario1\.m2\repository\com\google\auth\google-auth-library-credentials\1.23.0\google-auth-library-credentials-1.23.0.jar;C:\Users\Usuario1\.m2\repository\com\google\http-client\google-http-client-gson\1.44.1\google-http-client-gson-1.44.1.jar;C:\Users\Usuario1\.m2\repository\com\google\http-client\google-http-client-apache-v2\1.44.1\google-http-client-apache-v2-1.44.1.jar;C:\Users\Usuario1\.m2\repository\org\apache\httpcomponents\httpcore\4.4.16\httpcore-4.4.16.jar;C:\Users\Usuario1\.m2\repository\org\apache\httpcomponents\httpclient\4.5.14\httpclient-4.5.14.jar;C:\Users\Usuario1\.m2\repository\commons-logging\commons-logging\1.2\commons-logging-1.2.jar;C:\Users\Usuario1\.m2\repository\com\google\api-client\google-api-client-gson\2.4.0\google-api-client-gson-2.4.0.jar;C:\Users\Usuario1\.m2\repository\com\google\http-client\google-http-client\1.44.1\google-http-client-1.44.1.jar;C:\Users\Usuario1\.m2\repository\com\google\code\findbugs\jsr305\3.0.2\jsr305-3.0.2.jar;C:\Users\Usuario1\.m2\repository\com\google\errorprone\error_prone_annotations\2.23.0\error_prone_annotations-2.23.0.jar;C:\Users\Usuario1\.m2\repository\com\google\j2objc\j2objc-annotations\2.8\j2objc-annotations-2.8.jar;C:\Users\Usuario1\.m2\repository\io\grpc\grpc-context\1.60.1\grpc-context-1.60.1.jar;C:\Users\Usuario1\.m2\repository\io\opencensus\opencensus-api\0.31.1\opencensus-api-0.31.1.jar;C:\Users\Usuario1\.m2\repository\io\opencensus\opencensus-contrib-http-util\0.31.1\opencensus-contrib-http-util-0.31.1.jar;C:\Users\Usuario1\.m2\repository\com\google\api\api-common\2.31.0\api-common-2.31.0.jar;C:\Users\Usuario1\.m2\repository\com\google\auto\value\auto-value-annotations\1.10.4\auto-value-annotations-1.10.4.jar;C:\Users\Usuario1\.m2\repository\javax\annotation\javax.annotation-api\1.3.2\javax.annotation-api-1.3.2.jar;C:\Users\Usuario1\.m2\repository\com\google\auth\google-auth-library-oauth2-http\1.23.0\google-auth-library-oauth2-http-1.23.0.jar;C:\Users\Usuario1\.m2\repository\com\google\cloud\google-cloud-storage\2.38.0\google-cloud-storage-2.38.0.jar;C:\Users\Usuario1\.m2\repository\com\google\guava\failureaccess\1.0.2\failureaccess-1.0.2.jar;C:\Users\Usuario1\.m2\repository\com\google\guava\listenablefuture\9999.0-empty-to-avoid-conflict-with-guava\listenablefuture-9999.0-empty-to-avoid-conflict-with-guava.jar;C:\Users\Usuario1\.m2\repository\com\google\http-client\google-http-client-jackson2\1.44.1\google-http-client-jackson2-1.44.1.jar;C:\Users\Usuario1\.m2\repository\com\google\apis\google-api-services-storage\v1-rev20240319-2.0.0\google-api-services-storage-v1-rev20240319-2.0.0.jar;C:\Users\Usuario1\.m2\repository\com\google\code\gson\gson\2.10.1\gson-2.10.1.jar;C:\Users\Usuario1\.m2\repository\com\google\cloud\google-cloud-core\2.38.0\google-cloud-core-2.38.0.jar;C:\Users\Usuario1\.m2\repository\com\google\cloud\google-cloud-core-http\2.38.0\google-cloud-core-http-2.38.0.jar;C:\Users\Usuario1\.m2\repository\com\google\http-client\google-http-client-appengine\1.44.1\google-http-client-appengine-1.44.1.jar;C:\Users\Usuario1\.m2\repository\com\google\api\gax-httpjson\2.48.0\gax-httpjson-2.48.0.jar;C:\Users\Usuario1\.m2\repository\com\google\cloud\google-cloud-core-grpc\2.38.0\google-cloud-core-grpc-2.38.0.jar;C:\Users\Usuario1\.m2\repository\com\google\api\gax\2.48.0\gax-2.48.0.jar;C:\Users\Usuario1\.m2\repository\com\google\api\gax-grpc\2.48.0\gax-grpc-2.48.0.jar;C:\Users\Usuario1\.m2\repository\io\grpc\grpc-inprocess\1.62.2\grpc-inprocess-1.62.2.jar;C:\Users\Usuario1\.m2\repository\io\grpc\grpc-alts\1.62.2\grpc-alts-1.62.2.jar;C:\Users\Usuario1\.m2\repository\io\grpc\grpc-grpclb\1.62.2\grpc-grpclb-1.62.2.jar;C:\Users\Usuario1\.m2\repository\org\conscrypt\conscrypt-openjdk-uber\2.5.2\conscrypt-openjdk-uber-2.5.2.jar;C:\Users\Usuario1\.m2\repository\io\grpc\grpc-auth\1.62.2\grpc-auth-1.62.2.jar;C:\Users\Usuario1\.m2\repository\com\google\api\grpc\proto-google-iam-v1\1.34.0\proto-google-iam-v1-1.34.0.jar;C:\Users\Usuario1\.m2\repository\com\google\protobuf\protobuf-java\3.25.3\protobuf-java-3.25.3.jar;C:\Users\Usuario1\.m2\repository\com\google\protobuf\protobuf-java-util\3.25.3\protobuf-java-util-3.25.3.jar;C:\Users\Usuario1\.m2\repository\io\grpc\grpc-core\1.62.2\grpc-core-1.62.2.jar;C:\Users\Usuario1\.m2\repository\com\google\android\annotations\4.1.1.4\annotations-4.1.1.4.jar;C:\Users\Usuario1\.m2\repository\org\codehaus\mojo\animal-sniffer-annotations\1.23\animal-sniffer-annotations-1.23.jar;C:\Users\Usuario1\.m2\repository\io\perfmark\perfmark-api\0.27.0\perfmark-api-0.27.0.jar;C:\Users\Usuario1\.m2\repository\io\grpc\grpc-protobuf\1.62.2\grpc-protobuf-1.62.2.jar;C:\Users\Usuario1\.m2\repository\io\grpc\grpc-protobuf-lite\1.62.2\grpc-protobuf-lite-1.62.2.jar;C:\Users\Usuario1\.m2\repository\com\google\api\grpc\proto-google-common-protos\2.39.0\proto-google-common-protos-2.39.0.jar;C:\Users\Usuario1\.m2\repository\org\threeten\threetenbp\1.6.9\threetenbp-1.6.9.jar;C:\Users\Usuario1\.m2\repository\com\google\api\grpc\proto-google-cloud-storage-v2\2.38.0-alpha\proto-google-cloud-storage-v2-2.38.0-alpha.jar;C:\Users\Usuario1\.m2\repository\com\google\api\grpc\grpc-google-cloud-storage-v2\2.38.0-alpha\grpc-google-cloud-storage-v2-2.38.0-alpha.jar;C:\Users\Usuario1\.m2\repository\com\google\api\grpc\gapic-google-cloud-storage-v2\2.38.0-alpha\gapic-google-cloud-storage-v2-2.38.0-alpha.jar;C:\Users\Usuario1\.m2\repository\io\grpc\grpc-api\1.62.2\grpc-api-1.62.2.jar;C:\Users\Usuario1\.m2\repository\io\grpc\grpc-netty-shaded\1.62.2\grpc-netty-shaded-1.62.2.jar;C:\Users\Usuario1\.m2\repository\io\grpc\grpc-util\1.62.2\grpc-util-1.62.2.jar;C:\Users\Usuario1\.m2\repository\io\grpc\grpc-stub\1.62.2\grpc-stub-1.62.2.jar;C:\Users\Usuario1\.m2\repository\io\grpc\grpc-googleapis\1.62.2\grpc-googleapis-1.62.2.jar;C:\Users\Usuario1\.m2\repository\org\checkerframework\checker-qual\3.42.0\checker-qual-3.42.0.jar;C:\Users\Usuario1\.m2\repository\io\grpc\grpc-xds\1.62.2\grpc-xds-1.62.2.jar;C:\Users\Usuario1\.m2\repository\io\opencensus\opencensus-proto\0.2.0\opencensus-proto-0.2.0.jar;C:\Users\Usuario1\.m2\repository\io\grpc\grpc-services\1.62.2\grpc-services-1.62.2.jar;C:\Users\Usuario1\.m2\repository\com\google\re2j\re2j\1.7\re2j-1.7.jar;C:\Users\Usuario1\.m2\repository\io\grpc\grpc-rls\1.62.2\grpc-rls-1.62.2.jar;C:\Users\Usuario1\.m2\repository\com\google\cloud\google-cloud-firestore\3.21.1\google-cloud-firestore-3.21.1.jar;C:\Users\Usuario1\.m2\repository\com\google\api\grpc\proto-google-cloud-firestore-v1\3.21.1\proto-google-cloud-firestore-v1-3.21.1.jar;C:\Users\Usuario1\.m2\repository\com\google\cloud\proto-google-cloud-firestore-bundle-v1\3.21.1\proto-google-cloud-firestore-bundle-v1-3.21.1.jar;C:\Users\Usuario1\.m2\repository\io\opencensus\opencensus-contrib-grpc-util\0.31.1\opencensus-contrib-grpc-util-0.31.1.jar;C:\Users\Usuario1\.m2\repository\com\google\guava\guava\33.1.0-jre\guava-33.1.0-jre.jar;C:\Users\Usuario1\.m2\repository\org\slf4j\slf4j-api\2.0.13\slf4j-api-2.0.13.jar;C:\Users\Usuario1\.m2\repository\io\netty\netty-codec-http\4.1.111.Final\netty-codec-http-4.1.111.Final.jar;C:\Users\Usuario1\.m2\repository\io\netty\netty-common\4.1.111.Final\netty-common-4.1.111.Final.jar;C:\Users\Usuario1\.m2\repository\io\netty\netty-buffer\4.1.111.Final\netty-buffer-4.1.111.Final.jar;C:\Users\Usuario1\.m2\repository\io\netty\netty-codec\4.1.111.Final\netty-codec-4.1.111.Final.jar;C:\Users\Usuario1\.m2\repository\io\netty\netty-handler\4.1.111.Final\netty-handler-4.1.111.Final.jar;C:\Users\Usuario1\.m2\repository\io\netty\netty-resolver\4.1.111.Final\netty-resolver-4.1.111.Final.jar;C:\Users\Usuario1\.m2\repository\io\netty\netty-transport-native-unix-common\4.1.111.Final\netty-transport-native-unix-common-4.1.111.Final.jar;C:\Users\Usuario1\.m2\repository\io\netty\netty-transport\4.1.111.Final\netty-transport-4.1.111.Final.jar;C:\Users\Usuario1\.m2\repository\com\fasterxml\jackson\core\jackson-databind\2.17.2\jackson-databind-2.17.2.jar;C:\Users\Usuario1\.m2\repository\com\fasterxml\jackson\core\jackson-annotations\2.17.2\jackson-annotations-2.17.2.jar;C:\Users\Usuario1\.m2\repository\com\fasterxml\jackson\core\jackson-core\2.17.2\jackson-core-2.17.2.jar
Launcher Type: SUN_STANDARD

[Global flags]
     intx CICompilerCount                          = 3                                         {product} {ergonomic}
     uint ConcGCThreads                            = 1                                         {product} {ergonomic}
     uint G1ConcRefinementThreads                  = 4                                         {product} {ergonomic}
   size_t G1HeapRegionSize                         = 1048576                                   {product} {ergonomic}
    uintx GCDrainStackTargetSize                   = 64                                        {product} {ergonomic}
   size_t InitialHeapSize                          = 65011712                                  {product} {ergonomic}
   size_t MarkStackSize                            = 4194304                                   {product} {ergonomic}
   size_t MaxHeapSize                              = 1027604480                                {product} {ergonomic}
   size_t MaxNewSize                               = 616562688                                 {product} {ergonomic}
   size_t MinHeapDeltaBytes                        = 1048576                                   {product} {ergonomic}
   size_t MinHeapSize                              = 8388608                                   {product} {ergonomic}
    uintx NonNMethodCodeHeapSize                   = 5832780                                {pd product} {ergonomic}
    uintx NonProfiledCodeHeapSize                  = 122912730                              {pd product} {ergonomic}
    uintx ProfiledCodeHeapSize                     = 122912730                              {pd product} {ergonomic}
    uintx ReservedCodeCacheSize                    = 251658240                              {pd product} {ergonomic}
     bool SegmentedCodeCache                       = true                                      {product} {ergonomic}
   size_t SoftMaxHeapSize                          = 1027604480                             {manageable} {ergonomic}
     bool UseCompressedOops                        = true                           {product lp64_product} {ergonomic}
     bool UseG1GC                                  = true                                      {product} {ergonomic}
     bool UseLargePagesIndividualAllocation        = false                                  {pd product} {ergonomic}

Logging:
Log output configuration:
 #0: stdout all=warning uptime,level,tags foldmultilines=false
 #1: stderr all=off uptime,level,tags foldmultilines=false

Environment Variables:
JAVA_HOME=C:\Program Files\Java\jdk-21
PATH=C:\Program Files\Common Files\Oracle\Java\javapath;C:\Program Files (x86)\Common Files\Oracle\Java\java8path;C:\Program Files (x86)\Common Files\Oracle\Java\javapath;C:\Program Files\ImageMagick-7.1.1-Q16-HDRI;C:\Program Files\Microsoft\jdk-11.0.16.101-hotspot\bin;C:\WINDOWS\system32;C:\WINDOWS;C:\WINDOWS\System32\Wbem;C:\WINDOWS\System32\WindowsPowerShell\v1.0\;C:\WINDOWS\System32\OpenSSH\;C:\Program Files\Microsoft SQL Server\150\Tools\Binn\;C:\Program Files\Git\cmd;C:\Program Files (x86)\Microsoft SQL Server\160\Tools\Binn\;C:\Program Files\Microsoft SQL Server\160\Tools\Binn\;C:\Program Files\Microsoft SQL Server\Client SDK\ODBC\170\Tools\Binn\;C:\Program Files\Microsoft SQL Server\160\DTS\Binn\;C:\Program Files (x86)\Microsoft SQL Server\160\DTS\Binn\;C:\Program Files\php-8.2.12-nts-Win32-vs16-x64;C:\Gradle\gradle-8.4\bin;C:\src\flutter\bin;C:\msys64\ucrt64\bin;C:\Program Files\PowerShell\7\;C:\Program Files\dotnet\;C:\Program Files\Docker\Docker\resources\bin;C:\Program Files\nodejs\;C:\Users\Usuario1\.config\herd\bin\nvm;C:\Program Files\nodejs;C:\Users\Usuario1\AppData\Local\Programs\Python\Python312\Scripts\;C:\Users\Usuario1\AppData\Local\Programs\Python\Python312\;C:\Users\Usuario1\AppData\Local\Programs\Python\Python311\Scripts;C:\Users\Usuario1\AppData\Local\Programs\Python\Python311;C:\sqlite;C:\Users\Usuario1\AppData\Local\Microsoft\WindowsApps;C:\Users\Usuario1\.dotnet\tools;C:\Program Files\Azure Data Studio\bin;C:\Users\Usuario1\.fly\bin;C:\Program Files\php-8.2.12-nts-Win32-vs16-x64;C:\msys64\ucrt64\bin;C:\Program Files\JetBrains\IntelliJ IDEA 2023.2.5\bin;C:\adb;C:\Users\Usuario1\AppData\Local\Programs\Microsoft VS Code\bin;C:\Users\Usuario1\.dotnet\tools;\\wsl.localhost\Ubuntu\home\arev\.turso;C:\Users\Usuario1\AppData\Roaming\npm
USERNAME=Usuario1
OS=Windows_NT
PROCESSOR_IDENTIFIER=Intel64 Family 6 Model 122 Stepping 8, GenuineIntel
TMP=C:\Users\Usuario1\AppData\Local\Temp
TEMP=C:\Users\Usuario1\AppData\Local\Temp




Periodic native trim disabled

---------------  S Y S T E M  ---------------

OS:
 Windows 10 , 64 bit Build 19041 (10.0.19041.3636)
OS uptime: 11 days 9:15 hours
Hyper-V role detected

CPU: total 4 (initial active 4) (4 cores per cpu, 1 threads per core) family 6 model 122 stepping 8 microcode 0x22, cx8, cmov, fxsr, mmx, 3dnowpref, sse, sse2, sse3, ssse3, sse4.1, sse4.2, popcnt, tsc, tscinvbit, aes, erms, clmul, sha, clflush, clflushopt, hv, rdtscp, rdpid
Processor Information for all 4 processors :
  Max Mhz: 1101, Current Mhz: 1101, Mhz Limit: 1101

Memory: 4k page, system-wide physical 3916M (224M free)
TotalPageFile size 15692M (AvailPageFile size 0M)
current process WorkingSet (physical memory assigned to process): 28M, peak: 214M
current process commit charge ("private bytes"): 294M, peak: 307M

vm_info: Java HotSpot(TM) 64-Bit Server VM (21.0.3+7-LTS-152) for windows-amd64 JRE (21.0.3+7-LTS-152), built on 2024-03-11T17:42:26Z by "mach5one" with MS VC++ 17.6 (VS2022)

END.
